c:\users\rain\desktop\work\mpicspace\mpic_project\mpic\win32\debug\vc120.pdb
c:\users\rain\desktop\mpicspace\mpic\win32\debug\moc_dialog.obj
c:\users\rain\desktop\mpicspace\mpic\win32\debug\dialog.obj
c:\users\rain\desktop\mpicspace\mpic\win32\debug\qrc_res.obj
c:\users\rain\desktop\mpicspace\mpic\win32\debug\main.obj
c:\users\rain\desktop\mpicspace\mpic\win32\debug\vc120.pdb
c:\users\rain\desktop\work\mpicspace\mpic_project\mpic\debug\moc_predefs.h
c:\users\rain\desktop\mpicspace\mpic\debug\moc_predefs.h
c:\users\rain\desktop\work\mpicspace\mpic_project\mpic\debug\mpic.ilk
c:\users\rain\desktop\work\mpicspace\mpic_project\mpic\debug\mpic.exe
c:\users\rain\desktop\work\mpicspace\mpic_project\mpic\debug\mpic.pdb
c:\users\rain\desktop\mpicspace\mpic\debug\mpic.ilk
c:\users\rain\desktop\mpicspace\mpic\debug\mpic.exe
c:\users\rain\desktop\mpicspace\mpic\debug\mpic.pdb
c:\users\rain\desktop\work\mpicspace\mpic_project\mpic\generatedfiles\debug\moc_dialog.cpp
c:\users\rain\desktop\work\mpicspace\mpic_project\mpic\generatedfiles\qrc_res.cpp
c:\users\rain\desktop\work\mpicspace\mpic_project\mpic\generatedfiles\ui_dialog.h
c:\users\rain\desktop\mpicspace\mpic\generatedfiles\debug\moc_dialog.cpp
c:\users\rain\desktop\mpicspace\mpic\win32\debug\mpic.res
c:\users\rain\desktop\mpicspace\mpic\win32\debug\mpic.tlog\cl.command.1.tlog
c:\users\rain\desktop\mpicspace\mpic\win32\debug\mpic.tlog\cl.read.1.tlog
c:\users\rain\desktop\mpicspace\mpic\win32\debug\mpic.tlog\cl.write.1.tlog
c:\users\rain\desktop\mpicspace\mpic\win32\debug\mpic.tlog\custombuild.command.1.tlog
c:\users\rain\desktop\mpicspace\mpic\win32\debug\mpic.tlog\custombuild.read.1.tlog
c:\users\rain\desktop\mpicspace\mpic\win32\debug\mpic.tlog\custombuild.write.1.tlog
c:\users\rain\desktop\mpicspace\mpic\win32\debug\mpic.tlog\link.command.1.tlog
c:\users\rain\desktop\mpicspace\mpic\win32\debug\mpic.tlog\link.read.1.tlog
c:\users\rain\desktop\mpicspace\mpic\win32\debug\mpic.tlog\link.write.1.tlog
c:\users\rain\desktop\mpicspace\mpic\win32\debug\mpic.tlog\mpic.write.1u.tlog
c:\users\rain\desktop\mpicspace\mpic\win32\debug\mpic.tlog\rc.command.1.tlog
c:\users\rain\desktop\mpicspace\mpic\win32\debug\mpic.tlog\rc.read.1.tlog
c:\users\rain\desktop\mpicspace\mpic\win32\debug\mpic.tlog\rc.write.1.tlog
