c:\users\rain\desktop\work\mpicspace\mpic_project\mpic\win32\release\vc120.pdb
c:\users\rain\desktop\work\mpicspace\mpic_project\mpic\win32\release\moc_dialog.obj
c:\users\rain\desktop\work\mpicspace\mpic_project\mpic\win32\release\main.obj
c:\users\rain\desktop\work\mpicspace\mpic_project\mpic\win32\release\qrc_res.obj
c:\users\rain\desktop\work\mpicspace\mpic_project\mpic\win32\release\dialog.obj
c:\users\rain\desktop\work\mpicspace\mpic_project\mpic\release\moc_predefs.h
c:\users\rain\desktop\work\mpicspace\mpic_project\mpic\release\mpic.exe
c:\users\rain\desktop\work\mpicspace\mpic_project\mpic\generatedfiles\release\moc_dialog.cpp
c:\users\rain\desktop\work\mpicspace\mpic_project\mpic\generatedfiles\qrc_res.cpp
c:\users\rain\desktop\work\mpicspace\mpic_project\mpic\generatedfiles\ui_dialog.h
c:\users\rain\desktop\work\mpicspace\mpic_project\mpic\win32\release\mpic.tlog\cl.command.1.tlog
c:\users\rain\desktop\work\mpicspace\mpic_project\mpic\win32\release\mpic.tlog\cl.read.1.tlog
c:\users\rain\desktop\work\mpicspace\mpic_project\mpic\win32\release\mpic.tlog\cl.write.1.tlog
c:\users\rain\desktop\work\mpicspace\mpic_project\mpic\win32\release\mpic.tlog\custombuild.command.1.tlog
c:\users\rain\desktop\work\mpicspace\mpic_project\mpic\win32\release\mpic.tlog\custombuild.read.1.tlog
c:\users\rain\desktop\work\mpicspace\mpic_project\mpic\win32\release\mpic.tlog\custombuild.write.1.tlog
c:\users\rain\desktop\work\mpicspace\mpic_project\mpic\win32\release\mpic.tlog\link.command.1.tlog
c:\users\rain\desktop\work\mpicspace\mpic_project\mpic\win32\release\mpic.tlog\link.read.1.tlog
c:\users\rain\desktop\work\mpicspace\mpic_project\mpic\win32\release\mpic.tlog\link.write.1.tlog
c:\users\rain\desktop\work\mpicspace\mpic_project\mpic\win32\release\mpic.tlog\mpic.write.1u.tlog
